Traceback (most recent call last):
  File "/Users/bekzodamonov/anaconda3/lib/python3.11/site-packages/jupyter_cache/executors/utils.py", line 58, in single_nb_execution
    executenb(
  File "/Users/bekzodamonov/anaconda3/lib/python3.11/site-packages/nbclient/client.py", line 1204, in execute
    return NotebookClient(nb=nb, resources=resources, km=km, **kwargs).execute()
           ^^^^^^^^^^^^^^^^^^^^^^^^^^^^^^^^^^^^^^^^^^^^^^^^^^^^^^^^^^^^^^^^^^^^^
  File "/Users/bekzodamonov/anaconda3/lib/python3.11/site-packages/nbclient/util.py", line 84, in wrapped
    return just_run(coro(*args, **kwargs))
           ^^^^^^^^^^^^^^^^^^^^^^^^^^^^^^^
  File "/Users/bekzodamonov/anaconda3/lib/python3.11/site-packages/nbclient/util.py", line 62, in just_run
    return loop.run_until_complete(coro)
           ^^^^^^^^^^^^^^^^^^^^^^^^^^^^^
  File "/Users/bekzodamonov/anaconda3/lib/python3.11/asyncio/base_events.py", line 653, in run_until_complete
    return future.result()
           ^^^^^^^^^^^^^^^
  File "/Users/bekzodamonov/anaconda3/lib/python3.11/site-packages/nbclient/client.py", line 663, in async_execute
    await self.async_execute_cell(
  File "/Users/bekzodamonov/anaconda3/lib/python3.11/site-packages/nbclient/client.py", line 965, in async_execute_cell
    await self._check_raise_for_error(cell, cell_index, exec_reply)
  File "/Users/bekzodamonov/anaconda3/lib/python3.11/site-packages/nbclient/client.py", line 862, in _check_raise_for_error
    raise CellExecutionError.from_cell_and_msg(cell, exec_reply_content)
nbclient.exceptions.CellExecutionError: An error occurred while executing the following cell:
------------------
# General Analysis of the Training Data

# Basic statistical overview
train_description = train_df.describe(include='all')

# Checking for missing values in the training dataset
missing_values_train = train_df.isnull().sum()

# Checking for unique values in each column to understand the diversity of data
unique_values_train = train_df.nunique()

# Overview of correlation between features, especially with the target variable 'Survived'
correlation_matrix = train_df.corr(numeric_only=True)

train_description, missing_values_train, unique_values_train, correlation_matrix

------------------

[0;31m---------------------------------------------------------------------------[0m
[0;31mNameError[0m                                 Traceback (most recent call last)
Cell [0;32mIn[2], line 4[0m
[1;32m      1[0m [38;5;66;03m# General Analysis of the Training Data[39;00m
[1;32m      2[0m 
[1;32m      3[0m [38;5;66;03m# Basic statistical overview[39;00m
[0;32m----> 4[0m train_description [38;5;241m=[39m train_df[38;5;241m.[39mdescribe(include[38;5;241m=[39m[38;5;124m'[39m[38;5;124mall[39m[38;5;124m'[39m)
[1;32m      6[0m [38;5;66;03m# Checking for missing values in the training dataset[39;00m
[1;32m      7[0m missing_values_train [38;5;241m=[39m train_df[38;5;241m.[39misnull()[38;5;241m.[39msum()

[0;31mNameError[0m: name 'train_df' is not defined
NameError: name 'train_df' is not defined

